# JRE version: Java(TM) SE Runtime Environment (21.0.2+13) (build 21.0.2+13-LTS-58)
# Java VM: Java HotSpot(TM) 64-Bit Server VM (21.0.2+13-LTS-58, mixed mode, sharing, tiered, compressed oops, compressed class ptrs, g1 gc, windows-amd64)
GC Precious Log:
 CardTable entry size: 512
 Card Set container configuration: InlinePtr #cards 5 size 8 Array Of Cards #cards 12 size 40 Howl #buckets 4 coarsen threshold 1843 Howl Bitmap #cards 512 size 80 coarsen threshold 460 Card regions per heap region 1 cards per card region 2048
 CPUs: 4 total, 4 available
 Memory: 3973M
 Large Page Support: Disabled
 NUMA Support: Disabled
 Compressed Oops: Enabled (32-bit)
 Heap Region Size: 1M
 Heap Min Capacity: 8M
 Heap Initial Capacity: 8M
 Heap Max Capacity: 994M
 Pre-touch: Disabled
 Parallel Workers: 4
 Concurrent Workers: 1
 Concurrent Refinement Workers: 4
 Periodic GC: Disabled
Heap:
 garbage-first heap   total 17408K, used 10052K [0x00000000c1e00000, 0x0000000100000000)
  region size 1024K, 1 young (1024K), 1 survivors (1024K)
 Metaspace       used 9743K, committed 9856K, reserved 1114112K
  class space    used 1050K, committed 1088K, reserved 1048576K
GC Heap History (20 events):
Event: 2.352 GC heap after
{Heap after GC invocations=6 (full 0):
 garbage-first heap   total 8192K, used 3151K [0x00000000c1e00000, 0x0000000100000000)
  region size 1024K, 1 young (1024K), 1 survivors (1024K)
 Metaspace       used 8026K, committed 8192K, reserved 1114112K
  class space    used 883K, committed 960K, reserved 1048576K
}
Event: 2.490 GC heap before
{Heap before GC invocations=6 (full 0):
 garbage-first heap   total 8192K, used 4175K [0x00000000c1e00000, 0x0000000100000000)
  region size 1024K, 2 young (2048K), 1 survivors (1024K)
 Metaspace       used 8230K, committed 8384K, reserved 1114112K
  class space    used 901K, committed 1024K, reserved 1048576K
}
Event: 2.492 GC heap after
{Heap after GC invocations=7 (full 0):
 garbage-first heap   total 8192K, used 3393K [0x00000000c1e00000, 0x0000000100000000)
  region size 1024K, 1 young (1024K), 1 survivors (1024K)
 Metaspace       used 8230K, committed 8384K, reserved 1114112K
  class space    used 901K, committed 1024K, reserved 1048576K
}
Event: 2.642 GC heap before
{Heap before GC invocations=7 (full 0):
 garbage-first heap   total 8192K, used 4417K [0x00000000c1e00000, 0x0000000100000000)
  region size 1024K, 2 young (2048K), 1 survivors (1024K)
 Metaspace       used 8474K, committed 8640K, reserved 1114112K
  class space    used 926K, committed 1024K, reserved 1048576K
}
Event: 2.645 GC heap after
{Heap after GC invocations=8 (full 0):
 garbage-first heap   total 11264K, used 3778K [0x00000000c1e00000, 0x0000000100000000)
  region size 1024K, 1 young (1024K), 1 survivors (1024K)
 Metaspace       used 8474K, committed 8640K, reserved 1114112K
  class space    used 926K, committed 1024K, reserved 1048576K
}
Event: 2.913 GC heap before
{Heap before GC invocations=8 (full 0):
 garbage-first heap   total 11264K, used 6850K [0x00000000c1e00000, 0x0000000100000000)
  region size 1024K, 4 young (4096K), 1 survivors (1024K)
 Metaspace       used 9195K, committed 9344K, reserved 1114112K
  class space    used 1015K, committed 1088K, reserved 1048576K
}
Event: 2.918 GC heap after
{Heap after GC invocations=9 (full 0):
 garbage-first heap   total 11264K, used 4816K [0x00000000c1e00000, 0x0000000100000000)
  region size 1024K, 1 young (1024K), 1 survivors (1024K)
 Metaspace       used 9195K, committed 9344K, reserved 1114112K
  class space    used 1015K, committed 1088K, reserved 1048576K
}
Event: 2.986 GC heap before
{Heap before GC invocations=9 (full 0):
 garbage-first heap   total 11264K, used 6864K [0x00000000c1e00000, 0x0000000100000000)
  region size 1024K, 3 young (3072K), 1 survivors (1024K)
 Metaspace       used 9236K, committed 9408K, reserved 1114112K
  class space    used 1015K, committed 1088K, reserved 1048576K
}
Event: 2.990 GC heap after
{Heap after GC invocations=10 (full 0):
 garbage-first heap   total 11264K, used 5225K [0x00000000c1e00000, 0x0000000100000000)
  region size 1024K, 1 young (1024K), 1 survivors (1024K)
 Metaspace       used 9236K, committed 9408K, reserved 1114112K
  class space    used 1015K, committed 1088K, reserved 1048576K
}
Event: 3.051 GC heap before
{Heap before GC invocations=10 (full 0):
 garbage-first heap   total 11264K, used 7273K [0x00000000c1e00000, 0x0000000100000000)
  region size 1024K, 3 young (3072K), 1 survivors (1024K)
 Metaspace       used 9362K, committed 9536K, reserved 1114112K
  class space    used 1029K, committed 1088K, reserved 1048576K
}
Event: 3.053 GC heap after
{Heap after GC invocations=11 (full 0):
 garbage-first heap   total 11264K, used 5548K [0x00000000c1e00000, 0x0000000100000000)
  region size 1024K, 1 young (1024K), 1 survivors (1024K)
 Metaspace       used 9362K, committed 9536K, reserved 1114112K
  class space    used 1029K, committed 1088K, reserved 1048576K
}
Event: 3.097 GC heap before
{Heap before GC invocations=12 (full 0):
 garbage-first heap   total 14336K, used 7596K [0x00000000c1e00000, 0x0000000100000000)
  region size 1024K, 3 young (3072K), 1 survivors (1024K)
 Metaspace       used 9374K, committed 9536K, reserved 1114112K
  class space    used 1029K, committed 1088K, reserved 1048576K
}
Event: 3.100 GC heap after
{Heap after GC invocations=13 (full 0):
 garbage-first heap   total 17408K, used 5920K [0x00000000c1e00000, 0x0000000100000000)
  region size 1024K, 1 young (1024K), 1 survivors (1024K)
 Metaspace       used 9374K, committed 9536K, reserved 1114112K
  class space    used 1029K, committed 1088K, reserved 1048576K
}
Event: 3.220 GC heap before
{Heap before GC invocations=13 (full 0):
 garbage-first heap   total 17408K, used 12064K [0x00000000c1e00000, 0x0000000100000000)
  region size 1024K, 7 young (7168K), 1 survivors (1024K)
 Metaspace       used 9394K, committed 9536K, reserved 1114112K
  class space    used 1036K, committed 1088K, reserved 1048576K
}
Event: 3.228 GC heap after
{Heap after GC invocations=14 (full 0):
 garbage-first heap   total 17408K, used 6457K [0x00000000c1e00000, 0x0000000100000000)
  region size 1024K, 1 young (1024K), 1 survivors (1024K)
 Metaspace       used 9394K, committed 9536K, reserved 1114112K
  class space    used 1036K, committed 1088K, reserved 1048576K
}
Event: 3.471 GC heap before
{Heap before GC invocations=14 (full 0):
 garbage-first heap   total 17408K, used 12601K [0x00000000c1e00000, 0x0000000100000000)
  region size 1024K, 7 young (7168K), 1 survivors (1024K)
 Metaspace       used 9548K, committed 9664K, reserved 1114112K
  class space    used 1048K, committed 1088K, reserved 1048576K
}
Event: 3.476 GC heap after
{Heap after GC invocations=15 (full 0):
 garbage-first heap   total 17408K, used 8002K [0x00000000c1e00000, 0x0000000100000000)
  region size 1024K, 1 young (1024K), 1 survivors (1024K)
 Metaspace       used 9548K, committed 9664K, reserved 1114112K
  class space    used 1048K, committed 1088K, reserved 1048576K
}
Event: 3.504 GC heap before
{Heap before GC invocations=15 (full 0):
 garbage-first heap   total 17408K, used 13122K [0x00000000c1e00000, 0x0000000100000000)
  region size 1024K, 6 young (6144K), 1 survivors (1024K)
 Metaspace       used 9553K, committed 9664K, reserved 1114112K
  class space    used 1048K, committed 1088K, reserved 1048576K
}
Event: 3.509 GC heap after
{Heap after GC invocations=16 (full 0):
 garbage-first heap   total 17408K, used 9134K [0x00000000c1e00000, 0x0000000100000000)
  region size 1024K, 1 young (1024K), 1 survivors (1024K)
 Metaspace       used 9553K, committed 9664K, reserved 1114112K
  class space    used 1048K, committed 1088K, reserved 1048576K
}
Event: 3.749 GC heap before
{Heap before GC invocations=16 (full 0):
 garbage-first heap   total 17408K, used 12206K [0x00000000c1e00000, 0x0000000100000000)
  region size 1024K, 5 young (5120K), 1 survivors (1024K)
 Metaspace       used 9743K, committed 9856K, reserved 1114112K
  class space    used 1050K, committed 1088K, reserved 1048576K
}

